2025-07-31T19:51:49.640Z: Starting fill empty timecards test
2025-07-31T19:51:49.641Z: Visited login page
2025-07-31T19:51:49.643Z: Submitted company domain
2025-07-31T19:51:55.598Z: Submitted username
2025-07-31T19:51:55.601Z: Submitted password
2025-07-31T19:52:05.803Z: Navigated to company app domain
2025-07-31T19:52:05.805Z: Successfully logged in to company domain
2025-07-31T19:52:05.806Z: Starting to process empty timecards...
2025-07-31T19:52:05.807Z: Using exact cookie string: _vwo_uuid_v2=DC297C5C1656F50BDC95CBA2365657E3F|be8c4be57dc267e742a6ce3ca0460543; _fbp=fb.1.174426382...
2025-07-31T19:52:05.808Z: Using CSRF token: aba2daf9-4327-4dbb-95f0-b968b5523dd7.xbnVxnXS8s4kJ8DDKJ1uWDynZytMqQcKHx2Wi5Ig7oQ
2025-07-31T19:52:05.808Z: Fetching timesheet for period: 2025-07-01 to 2025-07-31
2025-07-31T19:52:15.095Z: Timesheet API response status: 200
2025-07-31T19:52:15.096Z: ✅ Successfully fetched timesheet data
2025-07-31T19:52:15.097Z: Found 1 empty timecards to fill
2025-07-31T19:52:15.097Z: Processing timecard 1/1 for date: 2025-07-31
2025-07-31T19:52:15.098Z: Generated start time: 08:30, end time: 17:21
2025-07-31T19:52:15.099Z: Create payload for 2025-07-31: {
  "employee_id": 27547954,
  "periods": [
    {
      "id": "d7386907-8d6e-4cc4-8454-bf52e18474e6",
      "comment": null,
      "period_type": "work",
      "project_id": null,
      "start": "2025-07-31T08:30:00",
      "end": "2025-07-31T17:21:00",
      "auto_generated": false
    }
  ],
  "original_periods": null,
  "geolocation": null,
  "is_from_clock_out": false
}
2025-07-31T19:52:15.725Z: PUT API response status for 2025-07-31: 200
2025-07-31T19:52:15.726Z: PUT response body: {
  "success": true,
  "data": [
    {
      "id": "e16d5811-6706-47d6-b930-023e22088cee",
      "type": "attendancedays",
      "attributes": {
        "employee_id": 27547954,
        "company_id": 240226,
        "status": "complete",
        "day": "2025-07-31",
        "break_min": 30,
        "duration": 501,
        "count_periods": 3,
        "rejection_reason": null,
        "rules_violation_reason": null,
        "created_at": "2025-07-31 19:52:15",
        "updated_at": "2025-07-31 19:52:15"
      },
      "relationships": {
        "periods": {
          "data": [
            {
              "type": "attendanceperiods",
              "id": "d7386907-8d6e-4cc4-8454-bf52e18474e6"
            },
            {
              "type": "attendanceperiods",
              "id": "400b4d15-2cea-44f3-872d-310081b6f086"
            },
            {
              "type": "attendanceperiods",
              "id": "901a4f55-a643-4898-a434-75067ab897ef"
            }
          ]
        }
      }
    }
  ],
  "included": [
    {
      "type": "attendanceperiods",
      "id": "d7386907-8d6e-4cc4-8454-bf52e18474e6",
      "attributes": {
        "legacy_id": null,
        "legacy_status": "pending",
        "start": "2025-07-31T08:30:00.000Z",
        "end": "2025-07-31T14:30:00.000Z",
        "period_type": "work",
        "comment": null,
        "legacy_break_min": 0,
        "origin": "web",
        "project_id": null,
        "created_at": "2025-07-31 19:52:15",
        "updated_at": "2025-07-31 19:52:15"
      }
    },
    {
      "type": "attendanceperiods",
      "id": "400b4d15-2cea-44f3-872d-310081b6f086",
      "attributes": {
        "legacy_id": null,
        "legacy_status": "pending",
        "start": "2025-07-31T14:30:00.000Z",
        "end": "2025-07-31T15:00:00.000Z",
        "period_type": "break",
        "comment": null,
        "legacy_break_min": 0,
        "origin": "web",
        "project_id": null,
        "created_at": "2025-07-31 19:52:15",
        "updated_at": "2025-07-31 19:52:15"
      }
    },
    {
      "type": "attendanceperiods",
      "id": "901a4f55-a643-4898-a434-75067ab897ef",
      "attributes": {
        "legacy_id": null,
        "legacy_status": "pending",
        "start": "2025-07-31T15:00:00.000Z",
        "end": "2025-07-31T17:21:00.000Z",
        "period_type": "work",
        "comment": null,
        "legacy_break_min": 0,
        "origin": "web",
        "project_id": null,
        "created_at": "2025-07-31 19:52:15",
        "updated_at": "2025-07-31 19:52:15"
      }
    }
  ]
}
2025-07-31T19:52:15.727Z: ✅ Successfully updated timecard for 2025-07-31 with day_id: e16d5811-6706-47d6-b930-023e22088cee
